Arguments: 
  C:\Program Files\nodejs\node.exe C:\Program Files (x86)\Yarn\bin\yarn.js add apollo-link-context

PATH: 
  C:\Program Files\Git\mingw64\bin;C:\Program Files\Git\usr\bin;C:\Users\DELL\bin;C:\Windows\system32;C:\Windows;C:\Windows\System32\Wbem;C:\Windows\System32\WindowsPowerShell\v1.0;C:\Windows\System32\OpenSSH;C:\Program Files\Git\cmd;C:\Program Files\nodejs;C:\Program Files (x86)\Yarn\bin;C:\Users\DELL\AppData\Local\Microsoft\WindowsApps;C:\Users\DELL\AppData\Local\Programs\Microsoft VS Code\bin;C:\Users\DELL\AppData\Roaming\npm;C:\Users\DELL\AppData\Local\Yarn\bin;C:\Users\DELL\AppData\Local\GitHubDesktop\bin

Yarn version: 
  1.22.4

Node version: 
  12.18.2

Platform: 
  win32 x64

Trace: 
  Error: EPERM: operation not permitted, unlink 'C:\Users\DELL\project12c\packages\www\node_modules\bufferutil\prebuilds\win32-x64\node.napi.node'

npm manifest: 
  {
    "name": "www",
    "version": "1.0.0",
    "main": "index.js",
    "license": "MIT",
    "scripts": {
      "develop": "gatsby develop",
      "build": "gatsby build",
      "clean": "gatsby clean"
    },
    "dependencies": {
      "@theme-ui/presets": "^0.3.0",
      "apollo-link-context": "^1.0.20",
      "gatsby": "^2.26.1",
      "gatsby-plugin-create-client-paths": "^2.4.0",
      "netlify-identity-widget": "^1.9.1",
      "react": "^17.0.1",
      "react-dom": "^17.0.1",
      "theme-ui": "^0.4.0-rc.12"
    },
    "devDependencies": {},
    "author": "",
    "description": ""
  }

yarn manifest: 
  No manifest

Lockfile: 
  
